0 info it worked if it ends with ok
1 verbose cli [ 'C:\\Program Files\\nodejs\\node.exe',
1 verbose cli   'C:\\Program Files\\nodejs\\node_modules\\npm\\bin\\npm-cli.js',
1 verbose cli   'install',
1 verbose cli   '-g',
1 verbose cli   'bower' ]
2 info using npm@2.14.4
3 info using node@v4.1.1
4 verbose install initial load of C:\Users\pledesma\AppData\Roaming\npm\package.json
5 verbose readDependencies loading dependencies from C:\Users\pledesma\AppData\Roaming\npm\package.json
6 silly cache add args [ 'bower', null ]
7 verbose cache add spec bower
8 silly cache add parsed spec Result {
8 silly cache add   raw: 'bower',
8 silly cache add   scope: null,
8 silly cache add   name: 'bower',
8 silly cache add   rawSpec: '',
8 silly cache add   spec: '*',
8 silly cache add   type: 'range' }
9 silly addNamed bower@*
10 verbose addNamed "*" is a valid semver range for bower
11 silly addNameRange { name: 'bower', range: '*', hasData: false }
12 silly mapToRegistry name bower
13 silly mapToRegistry using default registry
14 silly mapToRegistry registry https://registry.npmjs.org/
15 silly mapToRegistry uri https://registry.npmjs.org/bower
16 verbose addNameRange registry:https://registry.npmjs.org/bower not in flight; fetching
17 verbose request uri https://registry.npmjs.org/bower
18 verbose request no auth needed
19 info attempt registry request try #1 at 22:20:55
20 verbose request id a83c918be979b405
21 http request GET https://registry.npmjs.org/bower
22 info retry will retry, error on last attempt: Error: write EPROTO
23 info attempt registry request try #2 at 22:21:06
24 http request GET https://registry.npmjs.org/bower
25 info retry will retry, error on last attempt: Error: write EPROTO
26 info attempt registry request try #3 at 22:22:06
27 http request GET https://registry.npmjs.org/bower
28 verbose stack Error: write EPROTO
28 verbose stack     at Object.exports._errnoException (util.js:837:11)
28 verbose stack     at exports._exceptionWithHostPort (util.js:860:20)
28 verbose stack     at WriteWrap.afterWrite (net.js:760:14)
29 verbose cwd C:\xampp\htdocs\dark_site
30 error Windows_NT 6.1.7601
31 error argv "C:\\Program Files\\nodejs\\node.exe" "C:\\Program Files\\nodejs\\node_modules\\npm\\bin\\npm-cli.js" "install" "-g" "bower"
32 error node v4.1.1
33 error npm  v2.14.4
34 error code EPROTO
35 error errno EPROTO
36 error syscall write
37 error write EPROTO
38 error If you need help, you may report this error at:
38 error     <https://github.com/npm/npm/issues>
39 verbose exit [ 1, true ]
